
main.elf:     формат файла elf32-littleriscv


Дизассемблирование раздела .text:

00000000 <reset_vec>:
       0:	14c0006f          	j	14c <start>
       4:	00000013          	nop

00000008 <irq_vec>:
       8:	0200a10b          	.insn	4, 0x0200a10b
       c:	0201218b          	.insn	4, 0x0201218b
      10:	f8010093          	addi	ra,sp,-128
      14:	0000410b          	.insn	4, 0x410b
      18:	0020a023          	sw	sp,0(ra)
      1c:	0001410b          	.insn	4, 0x0001410b
      20:	0020a223          	sw	sp,4(ra)
      24:	0001c10b          	.insn	4, 0x0001c10b
      28:	0020a423          	sw	sp,8(ra)
      2c:	00008113          	mv	sp,ra
      30:	0030a623          	sw	gp,12(ra)
      34:	0040a823          	sw	tp,16(ra)
      38:	0050aa23          	sw	t0,20(ra)
      3c:	0060ac23          	sw	t1,24(ra)
      40:	0070ae23          	sw	t2,28(ra)
      44:	0280a023          	sw	s0,32(ra)
      48:	0290a223          	sw	s1,36(ra)
      4c:	02a0a423          	sw	a0,40(ra)
      50:	02b0a623          	sw	a1,44(ra)
      54:	02c0a823          	sw	a2,48(ra)
      58:	02d0aa23          	sw	a3,52(ra)
      5c:	02e0ac23          	sw	a4,56(ra)
      60:	02f0ae23          	sw	a5,60(ra)
      64:	0500a023          	sw	a6,64(ra)
      68:	0510a223          	sw	a7,68(ra)
      6c:	0520a423          	sw	s2,72(ra)
      70:	0530a623          	sw	s3,76(ra)
      74:	0540a823          	sw	s4,80(ra)
      78:	0550aa23          	sw	s5,84(ra)
      7c:	0560ac23          	sw	s6,88(ra)
      80:	0570ae23          	sw	s7,92(ra)
      84:	0780a023          	sw	s8,96(ra)
      88:	0790a223          	sw	s9,100(ra)
      8c:	07a0a423          	sw	s10,104(ra)
      90:	07b0a623          	sw	s11,108(ra)
      94:	07c0a823          	sw	t3,112(ra)
      98:	07d0aa23          	sw	t4,116(ra)
      9c:	07e0ac23          	sw	t5,120(ra)
      a0:	07f0ae23          	sw	t6,124(ra)
      a4:	00008513          	mv	a0,ra
      a8:	0000c58b          	.insn	4, 0xc58b
      ac:	09d000ef          	jal	948 <irq>
      b0:	00010093          	mv	ra,sp
      b4:	0000a103          	lw	sp,0(ra)
      b8:	0201200b          	.insn	4, 0x0201200b
      bc:	0040a103          	lw	sp,4(ra)
      c0:	0201208b          	.insn	4, 0x0201208b
      c4:	0080a103          	lw	sp,8(ra)
      c8:	0201210b          	.insn	4, 0x0201210b
      cc:	00c0a183          	lw	gp,12(ra)
      d0:	0100a203          	lw	tp,16(ra)
      d4:	0140a283          	lw	t0,20(ra)
      d8:	0180a303          	lw	t1,24(ra)
      dc:	01c0a383          	lw	t2,28(ra)
      e0:	0200a403          	lw	s0,32(ra)
      e4:	0240a483          	lw	s1,36(ra)
      e8:	0280a503          	lw	a0,40(ra)
      ec:	02c0a583          	lw	a1,44(ra)
      f0:	0300a603          	lw	a2,48(ra)
      f4:	0340a683          	lw	a3,52(ra)
      f8:	0380a703          	lw	a4,56(ra)
      fc:	03c0a783          	lw	a5,60(ra)
     100:	0400a803          	lw	a6,64(ra)
     104:	0440a883          	lw	a7,68(ra)
     108:	0480a903          	lw	s2,72(ra)
     10c:	04c0a983          	lw	s3,76(ra)
     110:	0500aa03          	lw	s4,80(ra)
     114:	0540aa83          	lw	s5,84(ra)
     118:	0580ab03          	lw	s6,88(ra)
     11c:	05c0ab83          	lw	s7,92(ra)
     120:	0600ac03          	lw	s8,96(ra)
     124:	0640ac83          	lw	s9,100(ra)
     128:	0680ad03          	lw	s10,104(ra)
     12c:	06c0ad83          	lw	s11,108(ra)
     130:	0700ae03          	lw	t3,112(ra)
     134:	0740ae83          	lw	t4,116(ra)
     138:	0780af03          	lw	t5,120(ra)
     13c:	07c0af83          	lw	t6,124(ra)
     140:	0000c08b          	.insn	4, 0xc08b
     144:	0001410b          	.insn	4, 0x0001410b
     148:	0400000b          	.insn	4, 0x0400000b

0000014c <start>:
     14c:	00000093          	li	ra,0
     150:	00003137          	lui	sp,0x3
     154:	80010113          	addi	sp,sp,-2048 # 2800 <_ebss+0x7a4>
     158:	00000193          	li	gp,0
     15c:	00000213          	li	tp,0
     160:	00000293          	li	t0,0
     164:	00000313          	li	t1,0
     168:	00000393          	li	t2,0
     16c:	00000413          	li	s0,0
     170:	00000493          	li	s1,0
     174:	00000513          	li	a0,0
     178:	00000593          	li	a1,0
     17c:	00000613          	li	a2,0
     180:	00000693          	li	a3,0
     184:	00000713          	li	a4,0
     188:	00000793          	li	a5,0
     18c:	00000813          	li	a6,0
     190:	00000893          	li	a7,0
     194:	00000913          	li	s2,0
     198:	00000993          	li	s3,0
     19c:	00000a13          	li	s4,0
     1a0:	00000a93          	li	s5,0
     1a4:	00000b13          	li	s6,0
     1a8:	00000b93          	li	s7,0
     1ac:	00000c13          	li	s8,0
     1b0:	00000c93          	li	s9,0
     1b4:	00000d13          	li	s10,0
     1b8:	00000d93          	li	s11,0
     1bc:	00000e13          	li	t3,0
     1c0:	00000e93          	li	t4,0
     1c4:	00000f13          	li	t5,0
     1c8:	00000f93          	li	t6,0
     1cc:	00001737          	lui	a4,0x1
     1d0:	1ec70713          	addi	a4,a4,492 # 11ec <_etext>
     1d4:	00002597          	auipc	a1,0x2
     1d8:	e2c58593          	addi	a1,a1,-468 # 2000 <greet>
     1dc:	00002617          	auipc	a2,0x2
     1e0:	e3c60613          	addi	a2,a2,-452 # 2018 <val>
     1e4:	00c5dc63          	bge	a1,a2,1fc <end_init_data>

000001e8 <loop_init_data>:
     1e8:	00072683          	lw	a3,0(a4)
     1ec:	00d5a023          	sw	a3,0(a1)
     1f0:	00470713          	addi	a4,a4,4
     1f4:	00458593          	addi	a1,a1,4
     1f8:	fec5c8e3          	blt	a1,a2,1e8 <loop_init_data>

000001fc <end_init_data>:
     1fc:	00002517          	auipc	a0,0x2
     200:	e1c50513          	addi	a0,a0,-484 # 2018 <val>
     204:	00002597          	auipc	a1,0x2
     208:	e5858593          	addi	a1,a1,-424 # 205c <_ebss>
     20c:	00b55863          	bge	a0,a1,21c <end_init_bss>

00000210 <loop_init_bss>:
     210:	00052023          	sw	zero,0(a0)
     214:	00450513          	addi	a0,a0,4
     218:	feb54ce3          	blt	a0,a1,210 <loop_init_bss>

0000021c <end_init_bss>:
     21c:	4ac000ef          	jal	6c8 <main>

00000220 <loop>:
     220:	0000006f          	j	220 <loop>

00000224 <update_rgb>:
     224:	020037b7          	lui	a5,0x2003
     228:	00078793          	mv	a5,a5
     22c:	00a78023          	sb	a0,0(a5) # 2003000 <_ebss+0x2000fa4>
     230:	00008067          	ret

00000234 <delay_1s>:
     234:	fe010113          	addi	sp,sp,-32
     238:	00812e23          	sw	s0,28(sp)
     23c:	02010413          	addi	s0,sp,32
     240:	0054c7b7          	lui	a5,0x54c
     244:	56378793          	addi	a5,a5,1379 # 54c563 <_ebss+0x54a507>

00000248 <dis_loop>:
     248:	fff78793          	addi	a5,a5,-1
     24c:	fe079ee3          	bnez	a5,248 <dis_loop>
     250:	01c12403          	lw	s0,28(sp)
     254:	02010113          	addi	sp,sp,32
     258:	00008067          	ret

0000025c <irq_20_handler>:
     25c:	ff010113          	addi	sp,sp,-16
     260:	00112623          	sw	ra,12(sp)
     264:	00812423          	sw	s0,8(sp)
     268:	01010413          	addi	s0,sp,16
     26c:	020057b7          	lui	a5,0x2005
     270:	0007a783          	lw	a5,0(a5) # 2005000 <_ebss+0x2002fa4>
     274:	00400713          	li	a4,4
     278:	04e78063          	beq	a5,a4,2b8 <irq_20_handler+0x5c>
     27c:	00400713          	li	a4,4
     280:	04f76463          	bltu	a4,a5,2c8 <irq_20_handler+0x6c>
     284:	00100713          	li	a4,1
     288:	00e78863          	beq	a5,a4,298 <irq_20_handler+0x3c>
     28c:	00200713          	li	a4,2
     290:	00e78c63          	beq	a5,a4,2a8 <irq_20_handler+0x4c>
     294:	0340006f          	j	2c8 <irq_20_handler+0x6c>
     298:	000017b7          	lui	a5,0x1
     29c:	18c78513          	addi	a0,a5,396 # 118c <calculate_delay+0x38>
     2a0:	78c000ef          	jal	a2c <print_str>
     2a4:	0280006f          	j	2cc <irq_20_handler+0x70>
     2a8:	000017b7          	lui	a5,0x1
     2ac:	19078513          	addi	a0,a5,400 # 1190 <calculate_delay+0x3c>
     2b0:	77c000ef          	jal	a2c <print_str>
     2b4:	0180006f          	j	2cc <irq_20_handler+0x70>
     2b8:	000017b7          	lui	a5,0x1
     2bc:	19478513          	addi	a0,a5,404 # 1194 <calculate_delay+0x40>
     2c0:	76c000ef          	jal	a2c <print_str>
     2c4:	0080006f          	j	2cc <irq_20_handler+0x70>
     2c8:	00000013          	nop
     2cc:	020057b7          	lui	a5,0x2005
     2d0:	0007a023          	sw	zero,0(a5) # 2005000 <_ebss+0x2002fa4>
     2d4:	00000013          	nop
     2d8:	00c12083          	lw	ra,12(sp)
     2dc:	00812403          	lw	s0,8(sp)
     2e0:	01010113          	addi	sp,sp,16
     2e4:	00008067          	ret

000002e8 <menu>:
     2e8:	ff010113          	addi	sp,sp,-16
     2ec:	00112623          	sw	ra,12(sp)
     2f0:	00812423          	sw	s0,8(sp)
     2f4:	01010413          	addi	s0,sp,16
     2f8:	000027b7          	lui	a5,0x2
     2fc:	00078513          	mv	a0,a5
     300:	72c000ef          	jal	a2c <print_str>
     304:	00000013          	nop
     308:	00c12083          	lw	ra,12(sp)
     30c:	00812403          	lw	s0,8(sp)
     310:	01010113          	addi	sp,sp,16
     314:	00008067          	ret

00000318 <synchronize>:
     318:	fe010113          	addi	sp,sp,-32
     31c:	00112e23          	sw	ra,28(sp)
     320:	00812c23          	sw	s0,24(sp)
     324:	02010413          	addi	s0,sp,32
     328:	030007b7          	lui	a5,0x3000
     32c:	04078793          	addi	a5,a5,64 # 3000040 <_ebss+0x2ffdfe4>
     330:	00100713          	li	a4,1
     334:	00e7a023          	sw	a4,0(a5)
     338:	030007b7          	lui	a5,0x3000
     33c:	04078793          	addi	a5,a5,64 # 3000040 <_ebss+0x2ffdfe4>
     340:	0007a023          	sw	zero,0(a5)
     344:	030007b7          	lui	a5,0x3000
     348:	05c78793          	addi	a5,a5,92 # 300005c <_ebss+0x2ffe000>
     34c:	0007a783          	lw	a5,0(a5)
     350:	fef42623          	sw	a5,-20(s0)
     354:	fec42783          	lw	a5,-20(s0)
     358:	01c7d793          	srli	a5,a5,0x1c
     35c:	fef405a3          	sb	a5,-21(s0)
     360:	fec42783          	lw	a5,-20(s0)
     364:	01079713          	slli	a4,a5,0x10
     368:	01075713          	srli	a4,a4,0x10
     36c:	000027b7          	lui	a5,0x2
     370:	00e79f23          	sh	a4,30(a5) # 201e <seq_id>
     374:	feb44783          	lbu	a5,-21(s0)
     378:	32079e63          	bnez	a5,6b4 <synchronize+0x39c>
     37c:	000027b7          	lui	a5,0x2
     380:	02c78513          	addi	a0,a5,44 # 202c <ts2>
     384:	341000ef          	jal	ec4 <get_tsed_time_rx>
     388:	000027b7          	lui	a5,0x2
     38c:	00800713          	li	a4,8
     390:	02e78123          	sb	a4,34(a5) # 2022 <step>
     394:	000027b7          	lui	a5,0x2
     398:	01e7d703          	lhu	a4,30(a5) # 201e <seq_id>
     39c:	000027b7          	lui	a5,0x2
     3a0:	02e79023          	sh	a4,32(a5) # 2020 <sync_seq_id>
     3a4:	2440006f          	j	5e8 <synchronize+0x2d0>
     3a8:	000027b7          	lui	a5,0x2
     3ac:	0227c783          	lbu	a5,34(a5) # 2022 <step>
     3b0:	00900713          	li	a4,9
     3b4:	18e78663          	beq	a5,a4,540 <synchronize+0x228>
     3b8:	00900713          	li	a4,9
     3bc:	22f74463          	blt	a4,a5,5e4 <synchronize+0x2cc>
     3c0:	00100713          	li	a4,1
     3c4:	0ce78863          	beq	a5,a4,494 <synchronize+0x17c>
     3c8:	00800713          	li	a4,8
     3cc:	20e79c63          	bne	a5,a4,5e4 <synchronize+0x2cc>
     3d0:	030007b7          	lui	a5,0x3000
     3d4:	04478793          	addi	a5,a5,68 # 3000044 <_ebss+0x2ffdfe8>
     3d8:	0007a783          	lw	a5,0(a5)
     3dc:	0017f793          	andi	a5,a5,1
     3e0:	20078463          	beqz	a5,5e8 <synchronize+0x2d0>
     3e4:	030007b7          	lui	a5,0x3000
     3e8:	04078793          	addi	a5,a5,64 # 3000040 <_ebss+0x2ffdfe4>
     3ec:	00100713          	li	a4,1
     3f0:	00e7a023          	sw	a4,0(a5)
     3f4:	030007b7          	lui	a5,0x3000
     3f8:	04078793          	addi	a5,a5,64 # 3000040 <_ebss+0x2ffdfe4>
     3fc:	0007a023          	sw	zero,0(a5)
     400:	030007b7          	lui	a5,0x3000
     404:	05c78793          	addi	a5,a5,92 # 300005c <_ebss+0x2ffe000>
     408:	0007a783          	lw	a5,0(a5)
     40c:	fef42623          	sw	a5,-20(s0)
     410:	fec42783          	lw	a5,-20(s0)
     414:	01c7d793          	srli	a5,a5,0x1c
     418:	fef405a3          	sb	a5,-21(s0)
     41c:	fec42783          	lw	a5,-20(s0)
     420:	01079713          	slli	a4,a5,0x10
     424:	01075713          	srli	a4,a4,0x10
     428:	000027b7          	lui	a5,0x2
     42c:	00e79f23          	sh	a4,30(a5) # 201e <seq_id>
     430:	feb44703          	lbu	a4,-21(s0)
     434:	00800793          	li	a5,8
     438:	00f71c63          	bne	a4,a5,450 <synchronize+0x138>
     43c:	000027b7          	lui	a5,0x2
     440:	01e7d703          	lhu	a4,30(a5) # 201e <seq_id>
     444:	000027b7          	lui	a5,0x2
     448:	0207d783          	lhu	a5,32(a5) # 2020 <sync_seq_id>
     44c:	00f70863          	beq	a4,a5,45c <synchronize+0x144>
     450:	000027b7          	lui	a5,0x2
     454:	02078123          	sb	zero,34(a5) # 2022 <step>
     458:	2600006f          	j	6b8 <synchronize+0x3a0>
     45c:	000027b7          	lui	a5,0x2
     460:	02478513          	addi	a0,a5,36 # 2024 <ts1>
     464:	311000ef          	jal	f74 <get_time_msg>
     468:	000027b7          	lui	a5,0x2
     46c:	00100713          	li	a4,1
     470:	02e78123          	sb	a4,34(a5) # 2022 <step>
     474:	000027b7          	lui	a5,0x2
     478:	02478613          	addi	a2,a5,36 # 2024 <ts1>
     47c:	000027b7          	lui	a5,0x2
     480:	02c78593          	addi	a1,a5,44 # 202c <ts2>
     484:	000027b7          	lui	a5,0x2
     488:	02c78513          	addi	a0,a5,44 # 202c <ts2>
     48c:	071000ef          	jal	cfc <subTime>
     490:	1580006f          	j	5e8 <synchronize+0x2d0>
     494:	030007b7          	lui	a5,0x3000
     498:	00100713          	li	a4,1
     49c:	00e7a023          	sw	a4,0(a5) # 3000000 <_ebss+0x2ffdfa4>
     4a0:	000027b7          	lui	a5,0x2
     4a4:	0207d783          	lhu	a5,32(a5) # 2020 <sync_seq_id>
     4a8:	00078713          	mv	a4,a5
     4ac:	100007b7          	lui	a5,0x10000
     4b0:	00f76733          	or	a4,a4,a5
     4b4:	030007b7          	lui	a5,0x3000
     4b8:	10478793          	addi	a5,a5,260 # 3000104 <_ebss+0x2ffe0a8>
     4bc:	00e7a023          	sw	a4,0(a5)
     4c0:	030007b7          	lui	a5,0x3000
     4c4:	01478713          	addi	a4,a5,20 # 3000014 <_ebss+0x2ffdfb8>
     4c8:	030007b7          	lui	a5,0x3000
     4cc:	10c78793          	addi	a5,a5,268 # 300010c <_ebss+0x2ffe0b0>
     4d0:	00072703          	lw	a4,0(a4)
     4d4:	00e7a023          	sw	a4,0(a5)
     4d8:	030007b7          	lui	a5,0x3000
     4dc:	01878713          	addi	a4,a5,24 # 3000018 <_ebss+0x2ffdfbc>
     4e0:	030007b7          	lui	a5,0x3000
     4e4:	11078793          	addi	a5,a5,272 # 3000110 <_ebss+0x2ffe0b4>
     4e8:	00072703          	lw	a4,0(a4)
     4ec:	00e7a023          	sw	a4,0(a5)
     4f0:	030007b7          	lui	a5,0x3000
     4f4:	10078793          	addi	a5,a5,256 # 3000100 <_ebss+0x2ffe0a4>
     4f8:	00100713          	li	a4,1
     4fc:	00e7a023          	sw	a4,0(a5)
     500:	030007b7          	lui	a5,0x3000
     504:	06078793          	addi	a5,a5,96 # 3000060 <_ebss+0x2ffe004>
     508:	00100713          	li	a4,1
     50c:	00e7a023          	sw	a4,0(a5)
     510:	030007b7          	lui	a5,0x3000
     514:	06078793          	addi	a5,a5,96 # 3000060 <_ebss+0x2ffe004>
     518:	0007a023          	sw	zero,0(a5)
     51c:	000027b7          	lui	a5,0x2
     520:	03478513          	addi	a0,a5,52 # 2034 <ts3>
     524:	1f9000ef          	jal	f1c <get_tsed_time_tx>
     528:	000027b7          	lui	a5,0x2
     52c:	00900713          	li	a4,9
     530:	02e78123          	sb	a4,34(a5) # 2022 <step>
     534:	030007b7          	lui	a5,0x3000
     538:	0007a023          	sw	zero,0(a5) # 3000000 <_ebss+0x2ffdfa4>
     53c:	0ac0006f          	j	5e8 <synchronize+0x2d0>
     540:	030007b7          	lui	a5,0x3000
     544:	04478793          	addi	a5,a5,68 # 3000044 <_ebss+0x2ffdfe8>
     548:	0007a783          	lw	a5,0(a5)
     54c:	0017f793          	andi	a5,a5,1
     550:	08078c63          	beqz	a5,5e8 <synchronize+0x2d0>
     554:	030007b7          	lui	a5,0x3000
     558:	04078793          	addi	a5,a5,64 # 3000040 <_ebss+0x2ffdfe4>
     55c:	00100713          	li	a4,1
     560:	00e7a023          	sw	a4,0(a5)
     564:	030007b7          	lui	a5,0x3000
     568:	04078793          	addi	a5,a5,64 # 3000040 <_ebss+0x2ffdfe4>
     56c:	0007a023          	sw	zero,0(a5)
     570:	030007b7          	lui	a5,0x3000
     574:	05c78793          	addi	a5,a5,92 # 300005c <_ebss+0x2ffe000>
     578:	0007a783          	lw	a5,0(a5)
     57c:	fef42623          	sw	a5,-20(s0)
     580:	fec42783          	lw	a5,-20(s0)
     584:	01c7d793          	srli	a5,a5,0x1c
     588:	fef405a3          	sb	a5,-21(s0)
     58c:	fec42783          	lw	a5,-20(s0)
     590:	01079713          	slli	a4,a5,0x10
     594:	01075713          	srli	a4,a4,0x10
     598:	000027b7          	lui	a5,0x2
     59c:	00e79f23          	sh	a4,30(a5) # 201e <seq_id>
     5a0:	feb44703          	lbu	a4,-21(s0)
     5a4:	00900793          	li	a5,9
     5a8:	00f71c63          	bne	a4,a5,5c0 <synchronize+0x2a8>
     5ac:	000027b7          	lui	a5,0x2
     5b0:	01e7d703          	lhu	a4,30(a5) # 201e <seq_id>
     5b4:	000027b7          	lui	a5,0x2
     5b8:	0207d783          	lhu	a5,32(a5) # 2020 <sync_seq_id>
     5bc:	00f70863          	beq	a4,a5,5cc <synchronize+0x2b4>
     5c0:	000027b7          	lui	a5,0x2
     5c4:	02078123          	sb	zero,34(a5) # 2022 <step>
     5c8:	0f00006f          	j	6b8 <synchronize+0x3a0>
     5cc:	000027b7          	lui	a5,0x2
     5d0:	03c78513          	addi	a0,a5,60 # 203c <ts4>
     5d4:	1a1000ef          	jal	f74 <get_time_msg>
     5d8:	000027b7          	lui	a5,0x2
     5dc:	02078123          	sb	zero,34(a5) # 2022 <step>
     5e0:	0080006f          	j	5e8 <synchronize+0x2d0>
     5e4:	00000013          	nop
     5e8:	000027b7          	lui	a5,0x2
     5ec:	0227c783          	lbu	a5,34(a5) # 2022 <step>
     5f0:	da079ce3          	bnez	a5,3a8 <synchronize+0x90>
     5f4:	000027b7          	lui	a5,0x2
     5f8:	03478613          	addi	a2,a5,52 # 2034 <ts3>
     5fc:	000027b7          	lui	a5,0x2
     600:	03c78593          	addi	a1,a5,60 # 203c <ts4>
     604:	000027b7          	lui	a5,0x2
     608:	03c78513          	addi	a0,a5,60 # 203c <ts4>
     60c:	6f0000ef          	jal	cfc <subTime>
     610:	000027b7          	lui	a5,0x2
     614:	03c78613          	addi	a2,a5,60 # 203c <ts4>
     618:	000027b7          	lui	a5,0x2
     61c:	02c78593          	addi	a1,a5,44 # 202c <ts2>
     620:	000027b7          	lui	a5,0x2
     624:	04478513          	addi	a0,a5,68 # 2044 <rtt>
     628:	664000ef          	jal	c8c <addTime>
     62c:	000027b7          	lui	a5,0x2
     630:	04478513          	addi	a0,a5,68 # 2044 <rtt>
     634:	738000ef          	jal	d6c <div2Time>
     638:	000027b7          	lui	a5,0x2
     63c:	04478613          	addi	a2,a5,68 # 2044 <rtt>
     640:	000027b7          	lui	a5,0x2
     644:	02c78593          	addi	a1,a5,44 # 202c <ts2>
     648:	000027b7          	lui	a5,0x2
     64c:	02c78513          	addi	a0,a5,44 # 202c <ts2>
     650:	6ac000ef          	jal	cfc <subTime>
     654:	000027b7          	lui	a5,0x2
     658:	02c78613          	addi	a2,a5,44 # 202c <ts2>
     65c:	000027b7          	lui	a5,0x2
     660:	04c78593          	addi	a1,a5,76 # 204c <offset>
     664:	000027b7          	lui	a5,0x2
     668:	04c78513          	addi	a0,a5,76 # 204c <offset>
     66c:	690000ef          	jal	cfc <subTime>
     670:	000027b7          	lui	a5,0x2
     674:	05478513          	addi	a0,a5,84 # 2054 <rtc>
     678:	155000ef          	jal	fcc <get_local_time>
     67c:	000027b7          	lui	a5,0x2
     680:	02c78613          	addi	a2,a5,44 # 202c <ts2>
     684:	000027b7          	lui	a5,0x2
     688:	05478593          	addi	a1,a5,84 # 2054 <rtc>
     68c:	000027b7          	lui	a5,0x2
     690:	05478513          	addi	a0,a5,84 # 2054 <rtc>
     694:	668000ef          	jal	cfc <subTime>
     698:	000027b7          	lui	a5,0x2
     69c:	05478513          	addi	a0,a5,84 # 2054 <rtc>
     6a0:	1e9000ef          	jal	1088 <set_local_time>
     6a4:	000027b7          	lui	a5,0x2
     6a8:	05478513          	addi	a0,a5,84 # 2054 <rtc>
     6ac:	24d000ef          	jal	10f8 <printTimestamp>
     6b0:	0080006f          	j	6b8 <synchronize+0x3a0>
     6b4:	00000013          	nop
     6b8:	01c12083          	lw	ra,28(sp)
     6bc:	01812403          	lw	s0,24(sp)
     6c0:	02010113          	addi	sp,sp,32
     6c4:	00008067          	ret

000006c8 <main>:
     6c8:	fe010113          	addi	sp,sp,-32
     6cc:	00112e23          	sw	ra,28(sp)
     6d0:	00812c23          	sw	s0,24(sp)
     6d4:	02010413          	addi	s0,sp,32
     6d8:	020047b7          	lui	a5,0x2004
     6dc:	00878793          	addi	a5,a5,8 # 2004008 <_ebss+0x2001fac>
     6e0:	43c00713          	li	a4,1084
     6e4:	00e7a023          	sw	a4,0(a5)
     6e8:	01400513          	li	a0,20
     6ec:	1bc000ef          	jal	8a8 <irq_unmask_one_bit>
     6f0:	bf9ff0ef          	jal	2e8 <menu>
     6f4:	020047b7          	lui	a5,0x2004
     6f8:	0007a783          	lw	a5,0(a5) # 2004000 <_ebss+0x2001fa4>
     6fc:	fef407a3          	sb	a5,-17(s0)
     700:	fef44703          	lbu	a4,-17(s0)
     704:	0ff00793          	li	a5,255
     708:	fef706e3          	beq	a4,a5,6f4 <main+0x2c>
     70c:	fef44783          	lbu	a5,-17(s0)
     710:	07400713          	li	a4,116
     714:	04e78063          	beq	a5,a4,754 <main+0x8c>
     718:	07400713          	li	a4,116
     71c:	0cf74463          	blt	a4,a5,7e4 <main+0x11c>
     720:	07300713          	li	a4,115
     724:	0ae78263          	beq	a5,a4,7c8 <main+0x100>
     728:	07300713          	li	a4,115
     72c:	0af74c63          	blt	a4,a5,7e4 <main+0x11c>
     730:	06900713          	li	a4,105
     734:	08e78663          	beq	a5,a4,7c0 <main+0xf8>
     738:	06900713          	li	a4,105
     73c:	0af74463          	blt	a4,a5,7e4 <main+0x11c>
     740:	02000713          	li	a4,32
     744:	06e78a63          	beq	a5,a4,7b8 <main+0xf0>
     748:	06100713          	li	a4,97
     74c:	06e78663          	beq	a5,a4,7b8 <main+0xf0>
     750:	0940006f          	j	7e4 <main+0x11c>
     754:	000027b7          	lui	a5,0x2
     758:	01c7c783          	lbu	a5,28(a5) # 201c <timer_enabled>
     75c:	00078e63          	beqz	a5,778 <main+0xb0>
     760:	000017b7          	lui	a5,0x1
     764:	19878513          	addi	a0,a5,408 # 1198 <calculate_delay+0x44>
     768:	2c4000ef          	jal	a2c <print_str>
     76c:	00000513          	li	a0,0
     770:	0dc000ef          	jal	84c <irq_mask_one_bit>
     774:	0240006f          	j	798 <main+0xd0>
     778:	000017b7          	lui	a5,0x1
     77c:	1b078513          	addi	a0,a5,432 # 11b0 <calculate_delay+0x5c>
     780:	2ac000ef          	jal	a2c <print_str>
     784:	00000513          	li	a0,0
     788:	120000ef          	jal	8a8 <irq_unmask_one_bit>
     78c:	077367b7          	lui	a5,0x7736
     790:	94078513          	addi	a0,a5,-1728 # 7735940 <_ebss+0x77338e4>
     794:	174000ef          	jal	908 <set_timer>
     798:	000027b7          	lui	a5,0x2
     79c:	01c7c783          	lbu	a5,28(a5) # 201c <timer_enabled>
     7a0:	0017b793          	seqz	a5,a5
     7a4:	0ff7f793          	zext.b	a5,a5
     7a8:	00078713          	mv	a4,a5
     7ac:	000027b7          	lui	a5,0x2
     7b0:	00e78e23          	sb	a4,28(a5) # 201c <timer_enabled>
     7b4:	0400006f          	j	7f4 <main+0x12c>
     7b8:	b31ff0ef          	jal	2e8 <menu>
     7bc:	0380006f          	j	7f4 <main+0x12c>
     7c0:	644000ef          	jal	e04 <ptp_init>
     7c4:	0300006f          	j	7f4 <main+0x12c>
     7c8:	000027b7          	lui	a5,0x2
     7cc:	05478513          	addi	a0,a5,84 # 2054 <rtc>
     7d0:	7fc000ef          	jal	fcc <get_local_time>
     7d4:	000027b7          	lui	a5,0x2
     7d8:	05478513          	addi	a0,a5,84 # 2054 <rtc>
     7dc:	11d000ef          	jal	10f8 <printTimestamp>
     7e0:	0140006f          	j	7f4 <main+0x12c>
     7e4:	020047b7          	lui	a5,0x2004
     7e8:	fef44703          	lbu	a4,-17(s0)
     7ec:	00e7a023          	sw	a4,0(a5) # 2004000 <_ebss+0x2001fa4>
     7f0:	00000013          	nop
     7f4:	f01ff06f          	j	6f4 <main+0x2c>

000007f8 <default_irq_handler>:
     7f8:	ff010113          	addi	sp,sp,-16
     7fc:	00112623          	sw	ra,12(sp)
     800:	00812423          	sw	s0,8(sp)
     804:	01010413          	addi	s0,sp,16
     808:	00000013          	nop
     80c:	00c12083          	lw	ra,12(sp)
     810:	00812403          	lw	s0,8(sp)
     814:	01010113          	addi	sp,sp,16
     818:	00008067          	ret

0000081c <mask_irq>:
     81c:	fe010113          	addi	sp,sp,-32
     820:	00112e23          	sw	ra,28(sp)
     824:	00812c23          	sw	s0,24(sp)
     828:	02010413          	addi	s0,sp,32
     82c:	fea42623          	sw	a0,-20(s0)
     830:	00050713          	mv	a4,a0
     834:	0607678b          	.insn	4, 0x0607678b
     838:	00000013          	nop
     83c:	01c12083          	lw	ra,28(sp)
     840:	01812403          	lw	s0,24(sp)
     844:	02010113          	addi	sp,sp,32
     848:	00008067          	ret

0000084c <irq_mask_one_bit>:
     84c:	fe010113          	addi	sp,sp,-32
     850:	00112e23          	sw	ra,28(sp)
     854:	00812c23          	sw	s0,24(sp)
     858:	02010413          	addi	s0,sp,32
     85c:	fea42623          	sw	a0,-20(s0)
     860:	fec42783          	lw	a5,-20(s0)
     864:	00100713          	li	a4,1
     868:	00f717b3          	sll	a5,a4,a5
     86c:	00078713          	mv	a4,a5
     870:	000027b7          	lui	a5,0x2
     874:	0147a783          	lw	a5,20(a5) # 2014 <irq_mask>
     878:	00f76733          	or	a4,a4,a5
     87c:	000027b7          	lui	a5,0x2
     880:	00e7aa23          	sw	a4,20(a5) # 2014 <irq_mask>
     884:	000027b7          	lui	a5,0x2
     888:	0147a783          	lw	a5,20(a5) # 2014 <irq_mask>
     88c:	00078513          	mv	a0,a5
     890:	f8dff0ef          	jal	81c <mask_irq>
     894:	00000013          	nop
     898:	01c12083          	lw	ra,28(sp)
     89c:	01812403          	lw	s0,24(sp)
     8a0:	02010113          	addi	sp,sp,32
     8a4:	00008067          	ret

000008a8 <irq_unmask_one_bit>:
     8a8:	fe010113          	addi	sp,sp,-32
     8ac:	00112e23          	sw	ra,28(sp)
     8b0:	00812c23          	sw	s0,24(sp)
     8b4:	02010413          	addi	s0,sp,32
     8b8:	fea42623          	sw	a0,-20(s0)
     8bc:	fec42783          	lw	a5,-20(s0)
     8c0:	00100713          	li	a4,1
     8c4:	00f717b3          	sll	a5,a4,a5
     8c8:	fff7c793          	not	a5,a5
     8cc:	00078713          	mv	a4,a5
     8d0:	000027b7          	lui	a5,0x2
     8d4:	0147a783          	lw	a5,20(a5) # 2014 <irq_mask>
     8d8:	00f77733          	and	a4,a4,a5
     8dc:	000027b7          	lui	a5,0x2
     8e0:	00e7aa23          	sw	a4,20(a5) # 2014 <irq_mask>
     8e4:	000027b7          	lui	a5,0x2
     8e8:	0147a783          	lw	a5,20(a5) # 2014 <irq_mask>
     8ec:	00078513          	mv	a0,a5
     8f0:	f2dff0ef          	jal	81c <mask_irq>
     8f4:	00000013          	nop
     8f8:	01c12083          	lw	ra,28(sp)
     8fc:	01812403          	lw	s0,24(sp)
     900:	02010113          	addi	sp,sp,32
     904:	00008067          	ret

00000908 <set_timer>:
     908:	fd010113          	addi	sp,sp,-48
     90c:	02112623          	sw	ra,44(sp)
     910:	02812423          	sw	s0,40(sp)
     914:	03010413          	addi	s0,sp,48
     918:	fca42e23          	sw	a0,-36(s0)
     91c:	fe042623          	sw	zero,-20(s0)
     920:	00050713          	mv	a4,a0
     924:	0a07078b          	.insn	4, 0x0a07078b
     928:	00078793          	mv	a5,a5
     92c:	fef42623          	sw	a5,-20(s0)
     930:	fec42783          	lw	a5,-20(s0)
     934:	00078513          	mv	a0,a5
     938:	02c12083          	lw	ra,44(sp)
     93c:	02812403          	lw	s0,40(sp)
     940:	03010113          	addi	sp,sp,48
     944:	00008067          	ret

00000948 <irq>:
     948:	fe010113          	addi	sp,sp,-32
     94c:	00112e23          	sw	ra,28(sp)
     950:	00812c23          	sw	s0,24(sp)
     954:	02010413          	addi	s0,sp,32
     958:	fea42623          	sw	a0,-20(s0)
     95c:	feb42423          	sw	a1,-24(s0)
     960:	000027b7          	lui	a5,0x2
     964:	0147a703          	lw	a4,20(a5) # 2014 <irq_mask>
     968:	fe842783          	lw	a5,-24(s0)
     96c:	00f76733          	or	a4,a4,a5
     970:	000027b7          	lui	a5,0x2
     974:	00e7aa23          	sw	a4,20(a5) # 2014 <irq_mask>
     978:	000027b7          	lui	a5,0x2
     97c:	0147a783          	lw	a5,20(a5) # 2014 <irq_mask>
     980:	00078513          	mv	a0,a5
     984:	e99ff0ef          	jal	81c <mask_irq>
     988:	fe842703          	lw	a4,-24(s0)
     98c:	001007b7          	lui	a5,0x100
     990:	00f777b3          	and	a5,a4,a5
     994:	00078463          	beqz	a5,99c <irq+0x54>
     998:	8c5ff0ef          	jal	25c <irq_20_handler>
     99c:	fe842703          	lw	a4,-24(s0)
     9a0:	002007b7          	lui	a5,0x200
     9a4:	00f777b3          	and	a5,a4,a5
     9a8:	00078463          	beqz	a5,9b0 <irq+0x68>
     9ac:	e4dff0ef          	jal	7f8 <default_irq_handler>
     9b0:	fe842783          	lw	a5,-24(s0)
     9b4:	fff7c713          	not	a4,a5
     9b8:	000027b7          	lui	a5,0x2
     9bc:	0147a783          	lw	a5,20(a5) # 2014 <irq_mask>
     9c0:	00f77733          	and	a4,a4,a5
     9c4:	000027b7          	lui	a5,0x2
     9c8:	00e7aa23          	sw	a4,20(a5) # 2014 <irq_mask>
     9cc:	000027b7          	lui	a5,0x2
     9d0:	0147a783          	lw	a5,20(a5) # 2014 <irq_mask>
     9d4:	00078513          	mv	a0,a5
     9d8:	e45ff0ef          	jal	81c <mask_irq>
     9dc:	fec42783          	lw	a5,-20(s0)
     9e0:	00078513          	mv	a0,a5
     9e4:	01c12083          	lw	ra,28(sp)
     9e8:	01812403          	lw	s0,24(sp)
     9ec:	02010113          	addi	sp,sp,32
     9f0:	00008067          	ret

000009f4 <print_chr>:
     9f4:	fe010113          	addi	sp,sp,-32
     9f8:	00112e23          	sw	ra,28(sp)
     9fc:	00812c23          	sw	s0,24(sp)
     a00:	02010413          	addi	s0,sp,32
     a04:	00050793          	mv	a5,a0
     a08:	fef407a3          	sb	a5,-17(s0)
     a0c:	020047b7          	lui	a5,0x2004
     a10:	fef44703          	lbu	a4,-17(s0)
     a14:	00e7a023          	sw	a4,0(a5) # 2004000 <_ebss+0x2001fa4>
     a18:	00000013          	nop
     a1c:	01c12083          	lw	ra,28(sp)
     a20:	01812403          	lw	s0,24(sp)
     a24:	02010113          	addi	sp,sp,32
     a28:	00008067          	ret

00000a2c <print_str>:
     a2c:	fe010113          	addi	sp,sp,-32
     a30:	00112e23          	sw	ra,28(sp)
     a34:	00812c23          	sw	s0,24(sp)
     a38:	02010413          	addi	s0,sp,32
     a3c:	fea42623          	sw	a0,-20(s0)
     a40:	01c0006f          	j	a5c <print_str+0x30>
     a44:	fec42783          	lw	a5,-20(s0)
     a48:	00178713          	addi	a4,a5,1
     a4c:	fee42623          	sw	a4,-20(s0)
     a50:	0007c703          	lbu	a4,0(a5)
     a54:	020047b7          	lui	a5,0x2004
     a58:	00e7a023          	sw	a4,0(a5) # 2004000 <_ebss+0x2001fa4>
     a5c:	fec42783          	lw	a5,-20(s0)
     a60:	0007c783          	lbu	a5,0(a5)
     a64:	fe0790e3          	bnez	a5,a44 <print_str+0x18>
     a68:	00000013          	nop
     a6c:	00000013          	nop
     a70:	01c12083          	lw	ra,28(sp)
     a74:	01812403          	lw	s0,24(sp)
     a78:	02010113          	addi	sp,sp,32
     a7c:	00008067          	ret

00000a80 <print_dec>:
     a80:	fd010113          	addi	sp,sp,-48
     a84:	02112623          	sw	ra,44(sp)
     a88:	02812423          	sw	s0,40(sp)
     a8c:	03010413          	addi	s0,sp,48
     a90:	fca42e23          	sw	a0,-36(s0)
     a94:	fe040793          	addi	a5,s0,-32
     a98:	fef42623          	sw	a5,-20(s0)
     a9c:	0240006f          	j	ac0 <print_dec+0x40>
     aa0:	fec42783          	lw	a5,-20(s0)
     aa4:	fff78793          	addi	a5,a5,-1
     aa8:	fef42623          	sw	a5,-20(s0)
     aac:	fec42783          	lw	a5,-20(s0)
     ab0:	0007c783          	lbu	a5,0(a5)
     ab4:	03078713          	addi	a4,a5,48
     ab8:	020047b7          	lui	a5,0x2004
     abc:	00e7a023          	sw	a4,0(a5) # 2004000 <_ebss+0x2001fa4>
     ac0:	fe040793          	addi	a5,s0,-32
     ac4:	fec42703          	lw	a4,-20(s0)
     ac8:	fcf71ce3          	bne	a4,a5,aa0 <print_dec+0x20>
     acc:	00000013          	nop
     ad0:	00000013          	nop
     ad4:	02c12083          	lw	ra,44(sp)
     ad8:	02812403          	lw	s0,40(sp)
     adc:	03010113          	addi	sp,sp,48
     ae0:	00008067          	ret

00000ae4 <print_hex>:
     ae4:	fd010113          	addi	sp,sp,-48
     ae8:	02112623          	sw	ra,44(sp)
     aec:	02812423          	sw	s0,40(sp)
     af0:	03010413          	addi	s0,sp,48
     af4:	fca42e23          	sw	a0,-36(s0)
     af8:	fcb42c23          	sw	a1,-40(s0)
     afc:	fd842783          	lw	a5,-40(s0)
     b00:	fff78793          	addi	a5,a5,-1
     b04:	00279793          	slli	a5,a5,0x2
     b08:	fef42623          	sw	a5,-20(s0)
     b0c:	0380006f          	j	b44 <print_hex+0x60>
     b10:	fec42783          	lw	a5,-20(s0)
     b14:	fdc42703          	lw	a4,-36(s0)
     b18:	00f757b3          	srl	a5,a4,a5
     b1c:	00f7f793          	andi	a5,a5,15
     b20:	00001737          	lui	a4,0x1
     b24:	1c870713          	addi	a4,a4,456 # 11c8 <calculate_delay+0x74>
     b28:	00f707b3          	add	a5,a4,a5
     b2c:	0007c703          	lbu	a4,0(a5)
     b30:	020047b7          	lui	a5,0x2004
     b34:	00e7a023          	sw	a4,0(a5) # 2004000 <_ebss+0x2001fa4>
     b38:	fec42783          	lw	a5,-20(s0)
     b3c:	ffc78793          	addi	a5,a5,-4
     b40:	fef42623          	sw	a5,-20(s0)
     b44:	fec42783          	lw	a5,-20(s0)
     b48:	fc07d4e3          	bgez	a5,b10 <print_hex+0x2c>
     b4c:	00000013          	nop
     b50:	00000013          	nop
     b54:	02c12083          	lw	ra,44(sp)
     b58:	02812403          	lw	s0,40(sp)
     b5c:	03010113          	addi	sp,sp,48
     b60:	00008067          	ret

00000b64 <normalize_time>:
     b64:	fe010113          	addi	sp,sp,-32
     b68:	00112e23          	sw	ra,28(sp)
     b6c:	00812c23          	sw	s0,24(sp)
     b70:	02010413          	addi	s0,sp,32
     b74:	fea42623          	sw	a0,-20(s0)
     b78:	fec42783          	lw	a5,-20(s0)
     b7c:	0007a703          	lw	a4,0(a5)
     b80:	fec42783          	lw	a5,-20(s0)
     b84:	0047a783          	lw	a5,4(a5)
     b88:	44b836b7          	lui	a3,0x44b83
     b8c:	fa168693          	addi	a3,a3,-95 # 44b82fa1 <_ebss+0x44b80f45>
     b90:	02d796b3          	mulh	a3,a5,a3
     b94:	41c6d693          	srai	a3,a3,0x1c
     b98:	41f7d793          	srai	a5,a5,0x1f
     b9c:	40f687b3          	sub	a5,a3,a5
     ba0:	00f70733          	add	a4,a4,a5
     ba4:	fec42783          	lw	a5,-20(s0)
     ba8:	00e7a023          	sw	a4,0(a5)
     bac:	fec42783          	lw	a5,-20(s0)
     bb0:	0047a703          	lw	a4,4(a5)
     bb4:	44b837b7          	lui	a5,0x44b83
     bb8:	fa178793          	addi	a5,a5,-95 # 44b82fa1 <_ebss+0x44b80f45>
     bbc:	02f717b3          	mulh	a5,a4,a5
     bc0:	41c7d693          	srai	a3,a5,0x1c
     bc4:	41f75793          	srai	a5,a4,0x1f
     bc8:	40f687b3          	sub	a5,a3,a5
     bcc:	3b9ad6b7          	lui	a3,0x3b9ad
     bd0:	a0068693          	addi	a3,a3,-1536 # 3b9aca00 <_ebss+0x3b9aa9a4>
     bd4:	02d787b3          	mul	a5,a5,a3
     bd8:	40f707b3          	sub	a5,a4,a5
     bdc:	fec42703          	lw	a4,-20(s0)
     be0:	00f72223          	sw	a5,4(a4)
     be4:	fec42783          	lw	a5,-20(s0)
     be8:	0007a783          	lw	a5,0(a5)
     bec:	04f05263          	blez	a5,c30 <normalize_time+0xcc>
     bf0:	fec42783          	lw	a5,-20(s0)
     bf4:	0047a783          	lw	a5,4(a5)
     bf8:	0207dc63          	bgez	a5,c30 <normalize_time+0xcc>
     bfc:	fec42783          	lw	a5,-20(s0)
     c00:	0007a783          	lw	a5,0(a5)
     c04:	fff78713          	addi	a4,a5,-1
     c08:	fec42783          	lw	a5,-20(s0)
     c0c:	00e7a023          	sw	a4,0(a5)
     c10:	fec42783          	lw	a5,-20(s0)
     c14:	0047a703          	lw	a4,4(a5)
     c18:	3b9ad7b7          	lui	a5,0x3b9ad
     c1c:	a0078793          	addi	a5,a5,-1536 # 3b9aca00 <_ebss+0x3b9aa9a4>
     c20:	00f70733          	add	a4,a4,a5
     c24:	fec42783          	lw	a5,-20(s0)
     c28:	00e7a223          	sw	a4,4(a5)
     c2c:	04c0006f          	j	c78 <normalize_time+0x114>
     c30:	fec42783          	lw	a5,-20(s0)
     c34:	0007a783          	lw	a5,0(a5)
     c38:	0407d063          	bgez	a5,c78 <normalize_time+0x114>
     c3c:	fec42783          	lw	a5,-20(s0)
     c40:	0047a783          	lw	a5,4(a5)
     c44:	02f05a63          	blez	a5,c78 <normalize_time+0x114>
     c48:	fec42783          	lw	a5,-20(s0)
     c4c:	0007a783          	lw	a5,0(a5)
     c50:	00178713          	addi	a4,a5,1
     c54:	fec42783          	lw	a5,-20(s0)
     c58:	00e7a023          	sw	a4,0(a5)
     c5c:	fec42783          	lw	a5,-20(s0)
     c60:	0047a703          	lw	a4,4(a5)
     c64:	c46537b7          	lui	a5,0xc4653
     c68:	60078793          	addi	a5,a5,1536 # c4653600 <_ebss+0xc46515a4>
     c6c:	00f70733          	add	a4,a4,a5
     c70:	fec42783          	lw	a5,-20(s0)
     c74:	00e7a223          	sw	a4,4(a5)
     c78:	00000013          	nop
     c7c:	01c12083          	lw	ra,28(sp)
     c80:	01812403          	lw	s0,24(sp)
     c84:	02010113          	addi	sp,sp,32
     c88:	00008067          	ret

00000c8c <addTime>:
     c8c:	fe010113          	addi	sp,sp,-32
     c90:	00112e23          	sw	ra,28(sp)
     c94:	00812c23          	sw	s0,24(sp)
     c98:	02010413          	addi	s0,sp,32
     c9c:	fea42623          	sw	a0,-20(s0)
     ca0:	feb42423          	sw	a1,-24(s0)
     ca4:	fec42223          	sw	a2,-28(s0)
     ca8:	fe842783          	lw	a5,-24(s0)
     cac:	0007a703          	lw	a4,0(a5)
     cb0:	fe442783          	lw	a5,-28(s0)
     cb4:	0007a783          	lw	a5,0(a5)
     cb8:	00f70733          	add	a4,a4,a5
     cbc:	fec42783          	lw	a5,-20(s0)
     cc0:	00e7a023          	sw	a4,0(a5)
     cc4:	fe842783          	lw	a5,-24(s0)
     cc8:	0047a703          	lw	a4,4(a5)
     ccc:	fe442783          	lw	a5,-28(s0)
     cd0:	0047a783          	lw	a5,4(a5)
     cd4:	00f70733          	add	a4,a4,a5
     cd8:	fec42783          	lw	a5,-20(s0)
     cdc:	00e7a223          	sw	a4,4(a5)
     ce0:	fec42503          	lw	a0,-20(s0)
     ce4:	e81ff0ef          	jal	b64 <normalize_time>
     ce8:	00000013          	nop
     cec:	01c12083          	lw	ra,28(sp)
     cf0:	01812403          	lw	s0,24(sp)
     cf4:	02010113          	addi	sp,sp,32
     cf8:	00008067          	ret

00000cfc <subTime>:
     cfc:	fe010113          	addi	sp,sp,-32
     d00:	00112e23          	sw	ra,28(sp)
     d04:	00812c23          	sw	s0,24(sp)
     d08:	02010413          	addi	s0,sp,32
     d0c:	fea42623          	sw	a0,-20(s0)
     d10:	feb42423          	sw	a1,-24(s0)
     d14:	fec42223          	sw	a2,-28(s0)
     d18:	fe842783          	lw	a5,-24(s0)
     d1c:	0007a703          	lw	a4,0(a5)
     d20:	fe442783          	lw	a5,-28(s0)
     d24:	0007a783          	lw	a5,0(a5)
     d28:	40f70733          	sub	a4,a4,a5
     d2c:	fec42783          	lw	a5,-20(s0)
     d30:	00e7a023          	sw	a4,0(a5)
     d34:	fe842783          	lw	a5,-24(s0)
     d38:	0047a703          	lw	a4,4(a5)
     d3c:	fe442783          	lw	a5,-28(s0)
     d40:	0047a783          	lw	a5,4(a5)
     d44:	40f70733          	sub	a4,a4,a5
     d48:	fec42783          	lw	a5,-20(s0)
     d4c:	00e7a223          	sw	a4,4(a5)
     d50:	fec42503          	lw	a0,-20(s0)
     d54:	e11ff0ef          	jal	b64 <normalize_time>
     d58:	00000013          	nop
     d5c:	01c12083          	lw	ra,28(sp)
     d60:	01812403          	lw	s0,24(sp)
     d64:	02010113          	addi	sp,sp,32
     d68:	00008067          	ret

00000d6c <div2Time>:
     d6c:	fe010113          	addi	sp,sp,-32
     d70:	00112e23          	sw	ra,28(sp)
     d74:	00812c23          	sw	s0,24(sp)
     d78:	02010413          	addi	s0,sp,32
     d7c:	fea42623          	sw	a0,-20(s0)
     d80:	fec42783          	lw	a5,-20(s0)
     d84:	0047a683          	lw	a3,4(a5)
     d88:	fec42783          	lw	a5,-20(s0)
     d8c:	0007a703          	lw	a4,0(a5)
     d90:	41f75793          	srai	a5,a4,0x1f
     d94:	01f7d793          	srli	a5,a5,0x1f
     d98:	00f70733          	add	a4,a4,a5
     d9c:	00177713          	andi	a4,a4,1
     da0:	40f707b3          	sub	a5,a4,a5
     da4:	00078713          	mv	a4,a5
     da8:	3b9ad7b7          	lui	a5,0x3b9ad
     dac:	a0078793          	addi	a5,a5,-1536 # 3b9aca00 <_ebss+0x3b9aa9a4>
     db0:	02f707b3          	mul	a5,a4,a5
     db4:	00f68733          	add	a4,a3,a5
     db8:	fec42783          	lw	a5,-20(s0)
     dbc:	00e7a223          	sw	a4,4(a5)
     dc0:	fec42783          	lw	a5,-20(s0)
     dc4:	0007a783          	lw	a5,0(a5)
     dc8:	4017d713          	srai	a4,a5,0x1
     dcc:	fec42783          	lw	a5,-20(s0)
     dd0:	00e7a023          	sw	a4,0(a5)
     dd4:	fec42783          	lw	a5,-20(s0)
     dd8:	0047a783          	lw	a5,4(a5)
     ddc:	4017d713          	srai	a4,a5,0x1
     de0:	fec42783          	lw	a5,-20(s0)
     de4:	00e7a223          	sw	a4,4(a5)
     de8:	fec42503          	lw	a0,-20(s0)
     dec:	d79ff0ef          	jal	b64 <normalize_time>
     df0:	00000013          	nop
     df4:	01c12083          	lw	ra,28(sp)
     df8:	01812403          	lw	s0,24(sp)
     dfc:	02010113          	addi	sp,sp,32
     e00:	00008067          	ret

00000e04 <ptp_init>:
     e04:	ff010113          	addi	sp,sp,-16
     e08:	00112623          	sw	ra,12(sp)
     e0c:	00812423          	sw	s0,8(sp)
     e10:	01010413          	addi	s0,sp,16
     e14:	030007b7          	lui	a5,0x3000
     e18:	02078793          	addi	a5,a5,32 # 3000020 <_ebss+0x2ffdfc4>
     e1c:	00800713          	li	a4,8
     e20:	00e7a023          	sw	a4,0(a5)
     e24:	030007b7          	lui	a5,0x3000
     e28:	02478793          	addi	a5,a5,36 # 3000024 <_ebss+0x2ffdfc8>
     e2c:	0007a023          	sw	zero,0(a5)
     e30:	030007b7          	lui	a5,0x3000
     e34:	0007a023          	sw	zero,0(a5) # 3000000 <_ebss+0x2ffdfa4>
     e38:	030007b7          	lui	a5,0x3000
     e3c:	00400713          	li	a4,4
     e40:	00e7a023          	sw	a4,0(a5) # 3000000 <_ebss+0x2ffdfa4>
     e44:	030007b7          	lui	a5,0x3000
     e48:	0007a023          	sw	zero,0(a5) # 3000000 <_ebss+0x2ffdfa4>
     e4c:	000017b7          	lui	a5,0x1
     e50:	1dc78513          	addi	a0,a5,476 # 11dc <calculate_delay+0x88>
     e54:	bd9ff0ef          	jal	a2c <print_str>
     e58:	030007b7          	lui	a5,0x3000
     e5c:	04478793          	addi	a5,a5,68 # 3000044 <_ebss+0x2ffdfe8>
     e60:	ff000737          	lui	a4,0xff000
     e64:	00e7a023          	sw	a4,0(a5)
     e68:	030007b7          	lui	a5,0x3000
     e6c:	06478793          	addi	a5,a5,100 # 3000064 <_ebss+0x2ffe008>
     e70:	ff000737          	lui	a4,0xff000
     e74:	00e7a023          	sw	a4,0(a5)
     e78:	030007b7          	lui	a5,0x3000
     e7c:	04078793          	addi	a5,a5,64 # 3000040 <_ebss+0x2ffdfe4>
     e80:	0007a023          	sw	zero,0(a5)
     e84:	030007b7          	lui	a5,0x3000
     e88:	04078793          	addi	a5,a5,64 # 3000040 <_ebss+0x2ffdfe4>
     e8c:	00200713          	li	a4,2
     e90:	00e7a023          	sw	a4,0(a5)
     e94:	030007b7          	lui	a5,0x3000
     e98:	06078793          	addi	a5,a5,96 # 3000060 <_ebss+0x2ffe004>
     e9c:	0007a023          	sw	zero,0(a5)
     ea0:	030007b7          	lui	a5,0x3000
     ea4:	06078793          	addi	a5,a5,96 # 3000060 <_ebss+0x2ffe004>
     ea8:	00200713          	li	a4,2
     eac:	00e7a023          	sw	a4,0(a5)
     eb0:	00000013          	nop
     eb4:	00c12083          	lw	ra,12(sp)
     eb8:	00812403          	lw	s0,8(sp)
     ebc:	01010113          	addi	sp,sp,16
     ec0:	00008067          	ret

00000ec4 <get_tsed_time_rx>:
     ec4:	fe010113          	addi	sp,sp,-32
     ec8:	00112e23          	sw	ra,28(sp)
     ecc:	00812c23          	sw	s0,24(sp)
     ed0:	02010413          	addi	s0,sp,32
     ed4:	fea42623          	sw	a0,-20(s0)
     ed8:	030007b7          	lui	a5,0x3000
     edc:	05478793          	addi	a5,a5,84 # 3000054 <_ebss+0x2ffdff8>
     ee0:	0007a783          	lw	a5,0(a5)
     ee4:	00078713          	mv	a4,a5
     ee8:	fec42783          	lw	a5,-20(s0)
     eec:	00e7a023          	sw	a4,0(a5)
     ef0:	030007b7          	lui	a5,0x3000
     ef4:	05878793          	addi	a5,a5,88 # 3000058 <_ebss+0x2ffdffc>
     ef8:	0007a783          	lw	a5,0(a5)
     efc:	00078713          	mv	a4,a5
     f00:	fec42783          	lw	a5,-20(s0)
     f04:	00e7a223          	sw	a4,4(a5)
     f08:	00000013          	nop
     f0c:	01c12083          	lw	ra,28(sp)
     f10:	01812403          	lw	s0,24(sp)
     f14:	02010113          	addi	sp,sp,32
     f18:	00008067          	ret

00000f1c <get_tsed_time_tx>:
     f1c:	fe010113          	addi	sp,sp,-32
     f20:	00112e23          	sw	ra,28(sp)
     f24:	00812c23          	sw	s0,24(sp)
     f28:	02010413          	addi	s0,sp,32
     f2c:	fea42623          	sw	a0,-20(s0)
     f30:	030007b7          	lui	a5,0x3000
     f34:	07478793          	addi	a5,a5,116 # 3000074 <_ebss+0x2ffe018>
     f38:	0007a783          	lw	a5,0(a5)
     f3c:	00078713          	mv	a4,a5
     f40:	fec42783          	lw	a5,-20(s0)
     f44:	00e7a023          	sw	a4,0(a5)
     f48:	030007b7          	lui	a5,0x3000
     f4c:	07878793          	addi	a5,a5,120 # 3000078 <_ebss+0x2ffe01c>
     f50:	0007a783          	lw	a5,0(a5)
     f54:	00078713          	mv	a4,a5
     f58:	fec42783          	lw	a5,-20(s0)
     f5c:	00e7a223          	sw	a4,4(a5)
     f60:	00000013          	nop
     f64:	01c12083          	lw	ra,28(sp)
     f68:	01812403          	lw	s0,24(sp)
     f6c:	02010113          	addi	sp,sp,32
     f70:	00008067          	ret

00000f74 <get_time_msg>:
     f74:	fe010113          	addi	sp,sp,-32
     f78:	00112e23          	sw	ra,28(sp)
     f7c:	00812c23          	sw	s0,24(sp)
     f80:	02010413          	addi	s0,sp,32
     f84:	fea42623          	sw	a0,-20(s0)
     f88:	030007b7          	lui	a5,0x3000
     f8c:	08478793          	addi	a5,a5,132 # 3000084 <_ebss+0x2ffe028>
     f90:	0007a783          	lw	a5,0(a5)
     f94:	00078713          	mv	a4,a5
     f98:	fec42783          	lw	a5,-20(s0)
     f9c:	00e7a023          	sw	a4,0(a5)
     fa0:	030007b7          	lui	a5,0x3000
     fa4:	08878793          	addi	a5,a5,136 # 3000088 <_ebss+0x2ffe02c>
     fa8:	0007a783          	lw	a5,0(a5)
     fac:	00078713          	mv	a4,a5
     fb0:	fec42783          	lw	a5,-20(s0)
     fb4:	00e7a223          	sw	a4,4(a5)
     fb8:	00000013          	nop
     fbc:	01c12083          	lw	ra,28(sp)
     fc0:	01812403          	lw	s0,24(sp)
     fc4:	02010113          	addi	sp,sp,32
     fc8:	00008067          	ret

00000fcc <get_local_time>:
     fcc:	fe010113          	addi	sp,sp,-32
     fd0:	00112e23          	sw	ra,28(sp)
     fd4:	00812c23          	sw	s0,24(sp)
     fd8:	02010413          	addi	s0,sp,32
     fdc:	fea42623          	sw	a0,-20(s0)
     fe0:	030007b7          	lui	a5,0x3000
     fe4:	00100713          	li	a4,1
     fe8:	00e7a023          	sw	a4,0(a5) # 3000000 <_ebss+0x2ffdfa4>
     fec:	030007b7          	lui	a5,0x3000
     ff0:	01478793          	addi	a5,a5,20 # 3000014 <_ebss+0x2ffdfb8>
     ff4:	0007a783          	lw	a5,0(a5)
     ff8:	00078713          	mv	a4,a5
     ffc:	fec42783          	lw	a5,-20(s0)
    1000:	00e7a023          	sw	a4,0(a5)
    1004:	030007b7          	lui	a5,0x3000
    1008:	01878793          	addi	a5,a5,24 # 3000018 <_ebss+0x2ffdfbc>
    100c:	0007a783          	lw	a5,0(a5)
    1010:	00078713          	mv	a4,a5
    1014:	fec42783          	lw	a5,-20(s0)
    1018:	00e7a223          	sw	a4,4(a5)
    101c:	030007b7          	lui	a5,0x3000
    1020:	0007a023          	sw	zero,0(a5) # 3000000 <_ebss+0x2ffdfa4>
    1024:	00000013          	nop
    1028:	01c12083          	lw	ra,28(sp)
    102c:	01812403          	lw	s0,24(sp)
    1030:	02010113          	addi	sp,sp,32
    1034:	00008067          	ret

00001038 <set_offset>:
    1038:	fe010113          	addi	sp,sp,-32
    103c:	00112e23          	sw	ra,28(sp)
    1040:	00812c23          	sw	s0,24(sp)
    1044:	02010413          	addi	s0,sp,32
    1048:	fea42623          	sw	a0,-20(s0)
    104c:	fec42783          	lw	a5,-20(s0)
    1050:	0047a783          	lw	a5,4(a5)
    1054:	40f00733          	neg	a4,a5
    1058:	030007b7          	lui	a5,0x3000
    105c:	02c78793          	addi	a5,a5,44 # 300002c <_ebss+0x2ffdfd0>
    1060:	00e7a023          	sw	a4,0(a5)
    1064:	030007b7          	lui	a5,0x3000
    1068:	03078793          	addi	a5,a5,48 # 3000030 <_ebss+0x2ffdfd4>
    106c:	00100713          	li	a4,1
    1070:	00e7a023          	sw	a4,0(a5)
    1074:	00000013          	nop
    1078:	01c12083          	lw	ra,28(sp)
    107c:	01812403          	lw	s0,24(sp)
    1080:	02010113          	addi	sp,sp,32
    1084:	00008067          	ret

00001088 <set_local_time>:
    1088:	fe010113          	addi	sp,sp,-32
    108c:	00112e23          	sw	ra,28(sp)
    1090:	00812c23          	sw	s0,24(sp)
    1094:	02010413          	addi	s0,sp,32
    1098:	fea42623          	sw	a0,-20(s0)
    109c:	fec42783          	lw	a5,-20(s0)
    10a0:	0007a703          	lw	a4,0(a5)
    10a4:	030007b7          	lui	a5,0x3000
    10a8:	01478793          	addi	a5,a5,20 # 3000014 <_ebss+0x2ffdfb8>
    10ac:	00e7a023          	sw	a4,0(a5)
    10b0:	fec42783          	lw	a5,-20(s0)
    10b4:	0047a703          	lw	a4,4(a5)
    10b8:	030007b7          	lui	a5,0x3000
    10bc:	01878793          	addi	a5,a5,24 # 3000018 <_ebss+0x2ffdfbc>
    10c0:	00e7a023          	sw	a4,0(a5)
    10c4:	030007b7          	lui	a5,0x3000
    10c8:	00800713          	li	a4,8
    10cc:	00e7a023          	sw	a4,0(a5) # 3000000 <_ebss+0x2ffdfa4>
    10d0:	030007b7          	lui	a5,0x3000
    10d4:	00100713          	li	a4,1
    10d8:	00e7a023          	sw	a4,0(a5) # 3000000 <_ebss+0x2ffdfa4>
    10dc:	030007b7          	lui	a5,0x3000
    10e0:	0007a023          	sw	zero,0(a5) # 3000000 <_ebss+0x2ffdfa4>
    10e4:	00000013          	nop
    10e8:	01c12083          	lw	ra,28(sp)
    10ec:	01812403          	lw	s0,24(sp)
    10f0:	02010113          	addi	sp,sp,32
    10f4:	00008067          	ret

000010f8 <printTimestamp>:
    10f8:	fe010113          	addi	sp,sp,-32
    10fc:	00112e23          	sw	ra,28(sp)
    1100:	00812c23          	sw	s0,24(sp)
    1104:	02010413          	addi	s0,sp,32
    1108:	fea42623          	sw	a0,-20(s0)
    110c:	fec42783          	lw	a5,-20(s0)
    1110:	0007a783          	lw	a5,0(a5)
    1114:	00800593          	li	a1,8
    1118:	00078513          	mv	a0,a5
    111c:	9c9ff0ef          	jal	ae4 <print_hex>
    1120:	fec42783          	lw	a5,-20(s0)
    1124:	0047a783          	lw	a5,4(a5)
    1128:	00800593          	li	a1,8
    112c:	00078513          	mv	a0,a5
    1130:	9b5ff0ef          	jal	ae4 <print_hex>
    1134:	000017b7          	lui	a5,0x1
    1138:	1e878513          	addi	a0,a5,488 # 11e8 <calculate_delay+0x94>
    113c:	8f1ff0ef          	jal	a2c <print_str>
    1140:	00000013          	nop
    1144:	01c12083          	lw	ra,28(sp)
    1148:	01812403          	lw	s0,24(sp)
    114c:	02010113          	addi	sp,sp,32
    1150:	00008067          	ret

00001154 <calculate_delay>:
    1154:	fd010113          	addi	sp,sp,-48
    1158:	02112623          	sw	ra,44(sp)
    115c:	02812423          	sw	s0,40(sp)
    1160:	03010413          	addi	s0,sp,48
    1164:	fea42623          	sw	a0,-20(s0)
    1168:	feb42423          	sw	a1,-24(s0)
    116c:	fec42223          	sw	a2,-28(s0)
    1170:	fed42023          	sw	a3,-32(s0)
    1174:	fce42e23          	sw	a4,-36(s0)
    1178:	00000013          	nop
    117c:	02c12083          	lw	ra,44(sp)
    1180:	02812403          	lw	s0,40(sp)
    1184:	03010113          	addi	sp,sp,48
    1188:	00008067          	ret
    118c:	0030                	.insn	2, 0x0030
    118e:	0000                	.insn	2, 0x0000
    1190:	0031                	.insn	2, 0x0031
    1192:	0000                	.insn	2, 0x0000
    1194:	0032                	.insn	2, 0x0032
    1196:	0000                	.insn	2, 0x0000
    1198:	6964                	.insn	2, 0x6964
    119a:	6c626173          	csrrsi	sp,0x6c6,4
    119e:	6e69                	.insn	2, 0x6e69
    11a0:	69742067          	.insn	4, 0x69742067
    11a4:	656d                	.insn	2, 0x656d
    11a6:	2072                	.insn	2, 0x2072
    11a8:	7269                	.insn	2, 0x7269
    11aa:	0a71                	.insn	2, 0x0a71
    11ac:	000d                	.insn	2, 0x000d
    11ae:	0000                	.insn	2, 0x0000
    11b0:	6e65                	.insn	2, 0x6e65
    11b2:	6261                	.insn	2, 0x6261
    11b4:	696c                	.insn	2, 0x696c
    11b6:	676e                	.insn	2, 0x676e
    11b8:	7420                	.insn	2, 0x7420
    11ba:	6d69                	.insn	2, 0x6d69
    11bc:	7265                	.insn	2, 0x7265
    11be:	6920                	.insn	2, 0x6920
    11c0:	7172                	.insn	2, 0x7172
    11c2:	0d0a                	.insn	2, 0x0d0a
    11c4:	0000                	.insn	2, 0x0000
    11c6:	0000                	.insn	2, 0x0000
    11c8:	3130                	.insn	2, 0x3130
    11ca:	3332                	.insn	2, 0x3332
    11cc:	3534                	.insn	2, 0x3534
    11ce:	3736                	.insn	2, 0x3736
    11d0:	3938                	.insn	2, 0x3938
    11d2:	4241                	.insn	2, 0x4241
    11d4:	46454443          	.insn	4, 0x46454443
    11d8:	0000                	.insn	2, 0x0000
    11da:	0000                	.insn	2, 0x0000
    11dc:	5452                	.insn	2, 0x5452
    11de:	65732043          	.insn	4, 0x65732043
    11e2:	0a74                	.insn	2, 0x0a74
    11e4:	000d                	.insn	2, 0x000d
    11e6:	0000                	.insn	2, 0x0000
    11e8:	0d0a                	.insn	2, 0x0d0a
	...

Дизассемблирование раздела .data:

00002000 <greet>:
    2000:	0d0a                	.insn	2, 0x0d0a
    2002:	435f 6379 6f6c      	.insn	6, 0x6f6c6379435f
    2008:	656e                	.insn	2, 0x656e
    200a:	3031                	.insn	2, 0x3031
    200c:	0a5f5847          	fmsub.d	fa6,ft10,ft5,ft1,unknown
    2010:	000d                	.insn	2, 0x000d

00002012 <update_rtt>:
    2012:	0001                	.insn	2, 0x0001

00002014 <irq_mask>:
    2014:	ffff                	.insn	2, 0xffff
    2016:	ffff                	.insn	2, 0xffff

Дизассемблирование раздела .comment:

00000000 <.comment>:
   0:	3a434347          	fmsub.d	ft6,ft6,ft4,ft7,rmm
   4:	2820                	.insn	2, 0x2820
   6:	36343067          	.insn	4, 0x36343067
   a:	3639                	.insn	2, 0x3639
   c:	6664                	.insn	2, 0x6664
   e:	3930                	.insn	2, 0x3930
  10:	2936                	.insn	2, 0x2936
  12:	3120                	.insn	2, 0x3120
  14:	2e34                	.insn	2, 0x2e34
  16:	2e32                	.insn	2, 0x2e32
  18:	0030                	.insn	2, 0x0030

Дизассемблирование раздела .riscv.attributes:

00000000 <.riscv.attributes>:
   0:	3c41                	.insn	2, 0x3c41
   2:	0000                	.insn	2, 0x0000
   4:	7200                	.insn	2, 0x7200
   6:	7369                	.insn	2, 0x7369
   8:	01007663          	bgeu	zero,a6,14 <irq_vec+0xc>
   c:	0032                	.insn	2, 0x0032
   e:	0000                	.insn	2, 0x0000
  10:	1004                	.insn	2, 0x1004
  12:	7205                	.insn	2, 0x7205
  14:	3376                	.insn	2, 0x3376
  16:	6932                	.insn	2, 0x6932
  18:	7032                	.insn	2, 0x7032
  1a:	5f31                	.insn	2, 0x5f31
  1c:	326d                	.insn	2, 0x326d
  1e:	3070                	.insn	2, 0x3070
  20:	665f 7032 5f32      	.insn	6, 0x5f327032665f
  26:	3264                	.insn	2, 0x3264
  28:	3270                	.insn	2, 0x3270
  2a:	7a5f 6369 7273      	.insn	6, 0x727363697a5f
  30:	7032                	.insn	2, 0x7032
  32:	5f30                	.insn	2, 0x5f30
  34:	6d7a                	.insn	2, 0x6d7a
  36:	756d                	.insn	2, 0x756d
  38:	316c                	.insn	2, 0x316c
  3a:	3070                	.insn	2, 0x3070
	...
