Info: Generated by version: 24.3 build 212
Info: Starting: Create block symbol file (.bsf)
Info: qsys-generate C:\Users\Kirill\Documents\picorv_c10gx\dcfifo_ptp.ip --block-symbol-file --output-directory=C:\Users\Kirill\Documents\picorv_c10gx\dcfifo_ptp --family="Cyclone 10 GX" --part=10CX220YF780E5G
: dcfifo_ptp.fifo_0: Targeting device family: Cyclone 10 GX.
: dcfifo_ptp.fifo_0: Tab: 'SCFIFO Options' is unavailable while using Dual-Clock FIFO.
: dcfifo_ptp.fifo_0: 'Output register option' is unavailable while using Dual-Clock FIFO.
: dcfifo_ptp.fifo_0: SDC file will be generated to apply correct constraints. User may experience increase in fitter compilation time
: dcfifo_ptp.fifo_0: Embedded set_false_path assignment is disabled.
Info: Finished: Create block symbol file (.bsf)
Info: 
Info: Starting: Create HDL design files for synthesis
Info: qsys-generate C:\Users\Kirill\Documents\picorv_c10gx\dcfifo_ptp.ip --synthesis=VERILOG --output-directory=C:\Users\Kirill\Documents\picorv_c10gx\dcfifo_ptp --family="Cyclone 10 GX" --part=10CX220YF780E5G
: dcfifo_ptp.fifo_0: Targeting device family: Cyclone 10 GX.
: dcfifo_ptp.fifo_0: Tab: 'SCFIFO Options' is unavailable while using Dual-Clock FIFO.
: dcfifo_ptp.fifo_0: 'Output register option' is unavailable while using Dual-Clock FIFO.
: dcfifo_ptp.fifo_0: SDC file will be generated to apply correct constraints. User may experience increase in fitter compilation time
: dcfifo_ptp.fifo_0: Embedded set_false_path assignment is disabled.
Info: dcfifo_ptp: "Transforming system: dcfifo_ptp"
Info: dcfifo_ptp: "Naming system components in system: dcfifo_ptp"
Info: dcfifo_ptp: "Processing generation queue"
Info: dcfifo_ptp: "Generating: dcfifo_ptp"
Info: dcfifo_ptp: "Generating: dcfifo_ptp_fifo_1930_qm54f6y"
Info: dcfifo_ptp: Done "dcfifo_ptp" with 2 modules, 3 files
Info: Finished: Create HDL design files for synthesis
Info: Starting: Generate IP Core Documentation
Info: No documentation filesets were found for components in dcfifo_ptp. No files generated.
Info: Finished: Generate IP Core Documentation
